13:59:45.487 [grizzly-http-server-0] INFO  org.fiap.entities.Produto - ReadAll: 
14:03:39.573 [grizzly-http-server-1] INFO  org.fiap.entities.Produto - ReadAll: 
14:04:13.916 [grizzly-http-server-2] INFO  org.fiap.entities.Produto - Read: 
14:08:56.707 [grizzly-http-server-0] INFO  org.fiap.entities.Produto - ReadAll: 
14:13:15.246 [grizzly-http-server-0] INFO  org.fiap.entities.Produto - Update: Produto {
	Cliente: Lara,
	Cliente ID: 3,
	Nome: 'Carne',
	Descrição: 'Picanha',
	Preço: 47.5,
	Estoque: 500,
	_BaseEntity{id=6}
}
14:14:16.218 [grizzly-http-server-1] INFO  org.fiap.entities.Produto - ReadAll: 
14:14:34.706 [grizzly-http-server-2] INFO  org.fiap.entities.Produto - Delete: null
14:14:40.687 [grizzly-http-server-3] INFO  org.fiap.entities.Produto - ReadAll: 
14:34:24.288 [grizzly-http-server-2] INFO  org.fiap.entities.Produto - ReadAll: 
14:34:56.504 [grizzly-http-server-1] INFO  org.fiap.entities.Produto - Create: null
14:35:15.555 [grizzly-http-server-0] INFO  org.fiap.entities.Produto - Read: 
14:35:39.288 [grizzly-http-server-3] INFO  org.fiap.entities.Produto - Update: Produto {
	Cliente: Lara,
	Cliente ID: 3,
	Nome: 'Carne',
	Descrição: 'Picanha',
	Preço: 47.5,
	Estoque: 500,
	_BaseEntity{id=6}
}
14:35:46.040 [grizzly-http-server-5] INFO  org.fiap.entities.Produto - Read: 
14:36:05.937 [grizzly-http-server-4] INFO  org.fiap.entities.Produto - Read: 
14:36:21.239 [grizzly-http-server-6] INFO  org.fiap.entities.Produto - Delete: null
14:38:24.224 [grizzly-http-server-1] INFO  org.fiap.entities.Produto - Delete: Produto {
	Cliente: Lara,
	Cliente ID: 3,
	Nome: 'Carne',
	Descrição: 'Maminha',
	Preço: 30.3,
	Estoque: 150,
	_BaseEntity{id=10}
}
14:40:44.318 [grizzly-http-server-1] INFO  org.fiap.entities.Produto - Create: null
14:43:15.756 [grizzly-http-server-1] INFO  org.fiap.entities.Produto - Create: Produto {
	Cliente: Cliente 2,
	Cliente ID: 4,
	Nome: 'Carne',
	Descrição: 'Coxão mole',
	Preço: 20.3,
	Estoque: 150,
	_BaseEntity{id=15}
}
14:43:34.150 [grizzly-http-server-2] INFO  org.fiap.entities.Produto - Create: Produto {
	Cliente: Cliente 2,
	Cliente ID: 4,
	Nome: 'Carne',
	Descrição: 'Coxão mole',
	Preço: 25.3,
	Estoque: 150,
	_BaseEntity{id=16}
}
08:15:49.069 [grizzly-http-server-2] INFO  org.fiap.entities.Cliente - ReadAll: 
08:15:56.628 [grizzly-http-server-3] INFO  org.fiap.entities.Produto - ReadAll: 
11:02:49.393 [grizzly-http-server-0] INFO  org.fiap.entities.Endereco - ReadAll: 
11:03:59.732 [grizzly-http-server-1] INFO  org.fiap.entities.Endereco - Read: 
11:06:28.204 [grizzly-http-server-3] INFO  org.fiap.entities.Cliente - ReadAll: 
11:06:43.330 [grizzly-http-server-4] INFO  org.fiap.entities.Endereco - ReadAll: 
11:16:44.021 [grizzly-http-server-4] INFO  org.fiap.entities.Cliente - Create: Cliente {
	Nome: 'Luiz Teste45',
	Sobrenome: 'Luiz Teste',
	Data de Nascimento: 2000-01-01,
	Telefone: '11999999999',
	Email: 'Luiz_teste@email.com',
	Endereço: null,
	Usuário: 'usuario_teste',
	Senha: 'Senha@123',
	_BaseEntity{id=3}
}
11:18:37.075 [grizzly-http-server-6] INFO  org.fiap.entities.Cliente - Create: Cliente {
	Nome: 'Luiz Teste45',
	Sobrenome: 'Luiz Teste',
	Data de Nascimento: 2000-01-01,
	Telefone: '11999999999',
	Email: 'Luiz_teste@email.com',
	Endereço: null,
	Usuário: 'usuario_teste',
	Senha: 'Senha@123',
	_BaseEntity{id=4}
}
11:19:02.400 [grizzly-http-server-8] INFO  org.fiap.entities.Cliente - Create: Cliente {
	Nome: 'Luiz Teste45',
	Sobrenome: 'Luiz Teste',
	Data de Nascimento: 2000-01-01,
	Telefone: '11999999999',
	Email: 'Luiz_teste@email.com',
	Endereço: null,
	Usuário: 'usuario_teste',
	Senha: 'Senha@123',
	_BaseEntity{id=5}
}
11:19:05.101 [grizzly-http-server-9] INFO  org.fiap.entities.Cliente - ReadAll: 
11:19:27.964 [grizzly-http-server-11] INFO  org.fiap.entities.Endereco - ReadAll: 
11:28:25.866 [grizzly-http-server-0] INFO  org.fiap.entities.Endereco - ReadAll: 
11:28:40.573 [grizzly-http-server-1] INFO  org.fiap.entities.Endereco - Read: 
11:29:25.831 [grizzly-http-server-2] INFO  org.fiap.entities.Endereco - Delete: Endereco {
	COD_ENDERECO: '6,
	CEP: '12345678',
	Logradouro: 'Rua 1',
	Número: '123',
	Complemento: 'Complemento 1',
	Bairro: 'Vila Mariana',
	Cidade: 'São Paulo',
	Estado: 'São Paulo',
	País: 'Brasil'
}
11:29:30.694 [grizzly-http-server-3] INFO  org.fiap.entities.Endereco - ReadAll: 
11:32:24.565 [grizzly-http-server-1] INFO  org.fiap.entities.Endereco - ReadAll: 
11:33:56.634 [grizzly-http-server-0] INFO  org.fiap.entities.Endereco - ReadAll: 
11:45:04.702 [grizzly-http-server-6] INFO  org.fiap.entities.Endereco - Create: null
11:45:27.837 [grizzly-http-server-7] INFO  org.fiap.entities.Endereco - Create: null
11:47:25.915 [grizzly-http-server-8] INFO  org.fiap.entities.Endereco - Create: null
11:51:01.026 [grizzly-http-server-0] INFO  org.fiap.entities.Endereco - Create: null
11:52:06.482 [grizzly-http-server-1] INFO  org.fiap.entities.Endereco - Create: null
11:52:22.983 [grizzly-http-server-2] INFO  org.fiap.entities.Endereco - ReadAll: 
11:52:41.909 [grizzly-http-server-3] INFO  org.fiap.entities.Endereco - Update: Endereco {
	COD_ENDERECO: '8,
	CEP: '22233123',
	Logradouro: 'Rua Nova',
	Número: '789',
	Complemento: 'Apto Novo',
	Bairro: 'Casa Verde',
	Cidade: 'São Paulo',
	Estado: 'São Paulo',
	País: 'Brasil'
}
11:59:44.027 [grizzly-http-server-1] INFO  org.fiap.entities.Endereco - Update: Endereco {
	COD_ENDERECO: '8,
	CEP: '11121111',
	Logradouro: 'Rua Atualizada',
	Número: '456',
	Complemento: 'Apto Atualizado',
	Bairro: 'Casa Verde',
	Cidade: 'São Paulo',
	Estado: 'São Paulo',
	País: 'Brasil'
}
12:14:13.623 [grizzly-http-server-1] INFO  org.fiap.entities.Endereco - ReadAll: 
11:36:25.758 [main] INFO  org.fiap.entities.Produto - Create: Produto {
	Cliente: João,
	Cliente ID: 1,
	Nome: 'Produto 1',
	Descrição: 'Descrição do Produto 1',
	Preço: 100.0,
	Estoque: 10,
	_BaseEntity{id=0}
}
11:37:09.520 [main] INFO  org.fiap.entities.Produto - Create: Produto {
	Cliente: João,
	Cliente ID: 1,
	Nome: 'Produto 1',
	Descrição: 'Descrição do Produto 1',
	Preço: 100.0,
	Estoque: 10,
	_BaseEntity{id=0}
}
19:04:39.363 [grizzly-http-server-1] INFO  org.fiap.entities.Cliente - Create: Cliente {
	Nome: 'Luiz Teste45',
	Sobrenome: 'Luiz Teste',
	Data de Nascimento: 2000-01-01,
	Telefone: '11999999999',
	Email: 'Luiz_teste@email.com',
	Endereço: null,
	Usuário: 'usuario_teste',
	Senha: 'Senha@123',
	_BaseEntity{id=1}
}
19:04:45.609 [grizzly-http-server-0] INFO  org.fiap.entities.Cliente - ReadAll: 
19:05:56.719 [grizzly-http-server-0] INFO  org.fiap.entities.Cliente - Create: Cliente {
	Nome: 'Luiz Teste45',
	Sobrenome: 'Luiz Teste',
	Data de Nascimento: 2000-01-01,
	Telefone: '11999999999',
	Email: 'Luiz_teste@email.com',
	Endereço: null,
	Usuário: 'usuario_teste',
	Senha: 'Senha@123',
	_BaseEntity{id=4}
}
19:06:00.191 [grizzly-http-server-1] INFO  org.fiap.entities.Cliente - ReadAll: 
19:06:04.226 [grizzly-http-server-2] INFO  org.fiap.entities.Cliente - Update: Cliente {
	Nome: 'Luiz 2',
	Sobrenome: 'Luiz2 Teste',
	Data de Nascimento: 2000-01-01,
	Telefone: '11999999999',
	Email: 'Luiz2@email.com',
	Endereço: null,
	Usuário: 'usuario_teste',
	Senha: 'Senha@123',
	_BaseEntity{id=4}
}
19:06:13.778 [grizzly-http-server-4] INFO  org.fiap.entities.Cliente - Read: 
19:06:22.400 [grizzly-http-server-5] INFO  org.fiap.entities.Cliente - ReadAll: 
19:06:31.596 [grizzly-http-server-6] INFO  org.fiap.entities.Produto - ReadAll: 
19:06:39.408 [grizzly-http-server-7] INFO  org.fiap.entities.Produto - Create: Produto {
	Cliente: Jonas,
	Cliente ID: 3,
	Nome: 'Carne',
	Descrição: 'Coxão mole',
	Preço: 25.3,
	Estoque: 150,
	_BaseEntity{id=3}
}
19:06:45.481 [grizzly-http-server-8] INFO  org.fiap.entities.Produto - Update: Produto {
	Cliente: Jonas,
	Cliente ID: 3,
	Nome: 'Carne',
	Descrição: 'Coxão mole',
	Preço: 25.3,
	Estoque: 150,
	_BaseEntity{id=3}
}
19:07:04.460 [grizzly-http-server-10] INFO  org.fiap.entities.Produto - ReadAll: 
19:07:24.982 [grizzly-http-server-11] INFO  org.fiap.entities.Produto - Update: Produto {
	Cliente: Jonas,
	Cliente ID: 3,
	Nome: 'Carne',
	Descrição: 'Coxão mole',
	Preço: 22.3,
	Estoque: 150,
	_BaseEntity{id=3}
}
19:07:32.375 [grizzly-http-server-12] INFO  org.fiap.entities.Produto - Read: 
19:08:11.503 [grizzly-http-server-13] INFO  org.fiap.entities.Produto - ReadAll: 
19:09:30.410 [grizzly-http-server-14] INFO  org.fiap.entities.Produto - ReadAll: 
19:12:11.293 [grizzly-http-server-15] INFO  org.fiap.entities.Produto - ReadAll: 
19:12:38.190 [grizzly-http-server-0] INFO  org.fiap.entities.Produto - Create: Produto {
	Cliente: Jonas,
	Cliente ID: 3,
	Nome: 'Carne',
	Descrição: 'Coxão mole',
	Preço: 25.3,
	Estoque: 150,
	_BaseEntity{id=3}
}
19:13:03.170 [grizzly-http-server-1] INFO  org.fiap.entities.Produto - Update: Produto {
	Cliente: Jonas,
	Cliente ID: 3,
	Nome: 'Carne',
	Descrição: 'Coxão mole',
	Preço: 25.3,
	Estoque: 150,
	_BaseEntity{id=3}
}
19:13:09.245 [grizzly-http-server-2] INFO  org.fiap.entities.Produto - Delete: Produto {
	Cliente: João,
	Cliente ID: 1,
	Nome: 'Produto 2',
	Descrição: 'Descrição do Produto 2',
	Preço: 200.0,
	Estoque: 30,
	_BaseEntity{id=2}
}
19:13:14.385 [grizzly-http-server-3] INFO  org.fiap.entities.Produto - ReadAll: 
19:13:25.025 [grizzly-http-server-4] INFO  org.fiap.entities.Endereco - ReadAll: 
19:13:37.151 [grizzly-http-server-5] INFO  org.fiap.entities.Endereco - Create: Endereco {
	COD_ENDERECO: '2,
	CEP: '87654321',
	Logradouro: 'Rua 2',
	Número: '123',
	Complemento: 'Ap 31',
	Bairro: 'Tatuapé',
	Cidade: 'São Paulo',
	Estado: 'São Paulo',
	País: 'Brasil'
}
19:15:18.949 [grizzly-http-server-7] INFO  org.fiap.entities.Endereco - ReadAll: 
19:15:42.009 [grizzly-http-server-8] INFO  org.fiap.entities.Endereco - Delete: Endereco {
	COD_ENDERECO: '2,
	CEP: '87654321',
	Logradouro: 'Rua 2',
	Número: '123',
	Complemento: 'Ap 31',
	Bairro: 'Tatuapé',
	Cidade: 'São Paulo',
	Estado: 'São Paulo',
	País: 'Brasil'
}
19:15:50.220 [grizzly-http-server-9] INFO  org.fiap.entities.Endereco - ReadAll: 
13:53:11.777 [grizzly-http-server-1] INFO  org.fiap.entities.Cliente - Create: Cliente {
	Nome: 'Luiz Teste45',
	Sobrenome: 'Luiz Teste',
	Data de Nascimento: 2000-01-01,
	Telefone: '11999999999',
	Email: 'Luiz_teste@email.com',
	Endereço: null,
	Usuário: 'usuario_teste',
	Senha: 'Senha@123',
	_BaseEntity{id=4}
}
13:53:19.092 [grizzly-http-server-0] INFO  org.fiap.entities.Cliente - ReadAll: 
13:53:27.236 [grizzly-http-server-3] INFO  org.fiap.entities.Cliente - Update: Cliente {
	Nome: 'Luiz 2',
	Sobrenome: 'Luiz2 Teste',
	Data de Nascimento: 2000-01-01,
	Telefone: '11999999999',
	Email: 'Luiz2@email.com',
	Endereço: null,
	Usuário: 'usuario_teste',
	Senha: 'Senha@123',
	_BaseEntity{id=4}
}
13:53:35.494 [grizzly-http-server-2] INFO  org.fiap.entities.Cliente - ReadAll: 
13:54:02.967 [grizzly-http-server-4] INFO  org.fiap.entities.Cliente - Delete: Cliente {
	Nome: 'Maria',
	Sobrenome: 'Silva',
	Data de Nascimento: 1990-10-29,
	Telefone: '35999997777',
	Email: 'maria@email.com',
	Endereço: null,
	Usuário: 'maria',
	Senha: 'Senha@123',
	_BaseEntity{id=2}
}
13:54:09.412 [grizzly-http-server-5] INFO  org.fiap.entities.Cliente - Read: 
13:54:16.646 [grizzly-http-server-6] INFO  org.fiap.entities.Cliente - ReadAll: 
13:54:29.848 [grizzly-http-server-7] INFO  org.fiap.entities.Produto - ReadAll: 
13:58:13.452 [grizzly-http-server-0] INFO  org.fiap.entities.Produto - Create: Produto {
	Cliente: Jonas,
	Cliente ID: 3,
	Nome: 'Carne',
	Descrição: 'Coxão mole',
	Preço: 25.3,
	Estoque: 150,
	_BaseEntity{id=3}
}
13:58:22.848 [grizzly-http-server-1] INFO  org.fiap.entities.Produto - Update: Produto {
	Cliente: Jonas,
	Cliente ID: 3,
	Nome: 'Carne',
	Descrição: 'Coxão mole',
	Preço: 22.3,
	Estoque: 150,
	_BaseEntity{id=3}
}
13:58:30.066 [grizzly-http-server-2] INFO  org.fiap.entities.Produto - ReadAll: 
13:58:47.497 [grizzly-http-server-3] INFO  org.fiap.entities.Produto - Delete: Produto {
	Cliente: João,
	Cliente ID: 1,
	Nome: 'Produto 2',
	Descrição: 'Descrição do Produto 2',
	Preço: 200.0,
	Estoque: 30,
	_BaseEntity{id=2}
}
13:58:54.060 [grizzly-http-server-4] INFO  org.fiap.entities.Produto - Read: 
14:00:19.755 [grizzly-http-server-6] INFO  org.fiap.entities.Endereco - ReadAll: 
14:00:48.531 [grizzly-http-server-8] INFO  org.fiap.entities.Endereco - Create: Endereco {
	COD_ENDERECO: '2,
	CEP: '87654321',
	Logradouro: 'Rua 2',
	Número: '123',
	Complemento: 'Ap 31',
	Bairro: 'Tatuapé',
	Cidade: 'São Paulo',
	Estado: 'São Paulo',
	País: 'Brasil'
}
14:47:05.396 [grizzly-http-server-9] INFO  org.fiap.entities.Endereco - Create: Endereco {
	COD_ENDERECO: '2,
	CEP: '87654321',
	Logradouro: 'Rua 2',
	Número: '123',
	Complemento: 'Ap 31',
	Bairro: 'Tatuapé',
	Cidade: 'São Paulo',
	Estado: 'São Paulo',
	País: 'Brasil'
}
14:50:20.553 [grizzly-http-server-1] INFO  org.fiap.entities.Cliente - ReadAll: 
15:07:14.308 [grizzly-http-server-1] INFO  org.fiap.entities.Cliente - Create: Cliente {
	Nome: 'Luiz Teste45',
	Sobrenome: 'Luiz Teste',
	Data de Nascimento: 2000-01-01,
	Telefone: '11999999999',
	Email: 'Luiz_teste@email.com',
	Endereço: null,
	Usuário: 'usuario_teste',
	Senha: 'Senha@123',
	_BaseEntity{id=4}
}
15:07:57.943 [grizzly-http-server-1] INFO  org.fiap.entities.Endereco - ReadAll: 
15:08:18.522 [grizzly-http-server-2] INFO  org.fiap.entities.Cliente - Create: Cliente {
	Nome: 'Luiz Teste45',
	Sobrenome: 'Luiz Teste',
	Data de Nascimento: 2000-01-01,
	Telefone: '11999999999',
	Email: 'Luiz_teste@email.com',
	Endereço: null,
	Usuário: 'usuario_teste',
	Senha: 'Senha@123',
	_BaseEntity{id=5}
}
15:08:23.976 [grizzly-http-server-3] INFO  org.fiap.entities.Cliente - ReadAll: 
15:08:49.396 [grizzly-http-server-4] INFO  org.fiap.entities.Endereco - Create: null
15:09:50.429 [grizzly-http-server-6] INFO  org.fiap.entities.Cliente - Create: Cliente {
	Nome: 'Luiz Teste45',
	Sobrenome: 'Luiz Teste',
	Data de Nascimento: 2000-01-01,
	Telefone: '11999999999',
	Email: 'Luiz_teste@email.com',
	Endereço: null,
	Usuário: 'usuario_teste',
	Senha: 'Senha@123',
	_BaseEntity{id=4}
}
15:09:57.150 [grizzly-http-server-7] INFO  org.fiap.entities.Endereco - Create: null
15:15:16.424 [grizzly-http-server-1] INFO  org.fiap.entities.Cliente - Create: Cliente {
	Nome: 'Luiz Teste45',
	Sobrenome: 'Luiz Teste',
	Data de Nascimento: 2000-01-01,
	Telefone: '11999999999',
	Email: 'Luiz_teste@email.com',
	Endereço: null,
	Usuário: 'usuario_teste',
	Senha: 'Senha@123',
	_BaseEntity{id=4}
}
15:15:22.645 [grizzly-http-server-2] INFO  org.fiap.entities.Endereco - Create: null
15:15:54.491 [grizzly-http-server-9] INFO  org.fiap.entities.Endereco - Update: null
15:15:59.856 [grizzly-http-server-6] INFO  org.fiap.entities.Endereco - ReadAll: 
15:16:12.917 [grizzly-http-server-0] INFO  org.fiap.entities.Endereco - ReadAll: 
15:16:26.410 [grizzly-http-server-3] INFO  org.fiap.entities.Endereco - Update: null
15:16:32.434 [grizzly-http-server-4] INFO  org.fiap.entities.Endereco - ReadAll: 
15:16:42.505 [grizzly-http-server-14] INFO  org.fiap.entities.Cliente - Create: Cliente {
	Nome: 'Luiz Teste45',
	Sobrenome: 'Luiz Teste',
	Data de Nascimento: 2000-01-01,
	Telefone: '11999999999',
	Email: 'Luiz_teste@email.com',
	Endereço: null,
	Usuário: 'usuario_teste',
	Senha: 'Senha@123',
	_BaseEntity{id=5}
}
15:16:52.125 [grizzly-http-server-8] INFO  org.fiap.entities.Endereco - Create: null
15:17:02.150 [grizzly-http-server-5] INFO  org.fiap.entities.Endereco - ReadAll: 
15:17:16.884 [grizzly-http-server-10] INFO  org.fiap.entities.Endereco - Update: null
15:17:21.031 [grizzly-http-server-11] INFO  org.fiap.entities.Endereco - ReadAll: 
15:18:25.421 [grizzly-http-server-13] INFO  org.fiap.entities.Cliente - Create: Cliente {
	Nome: 'Luiz Teste45',
	Sobrenome: 'Luiz Teste',
	Data de Nascimento: 2000-01-01,
	Telefone: '11999999999',
	Email: 'Luiz_teste@email.com',
	Endereço: null,
	Usuário: 'usuario_teste',
	Senha: 'Senha@123',
	_BaseEntity{id=4}
}
15:18:26.483 [grizzly-http-server-12] INFO  org.fiap.entities.Cliente - ReadAll: 
15:18:28.275 [grizzly-http-server-7] INFO  org.fiap.entities.Cliente - Update: Cliente {
	Nome: 'Luiz 2',
	Sobrenome: 'Luiz2 Teste',
	Data de Nascimento: 2000-01-01,
	Telefone: '11999999999',
	Email: 'Luiz2@email.com',
	Endereço: null,
	Usuário: 'usuario_teste',
	Senha: 'Senha@123',
	_BaseEntity{id=4}
}
15:18:29.767 [grizzly-http-server-15] INFO  org.fiap.entities.Cliente - Delete: Cliente {
	Nome: 'Maria',
	Sobrenome: 'Silva',
	Data de Nascimento: 1990-10-29,
	Telefone: '35999997777',
	Email: 'maria@email.com',
	Endereço: null,
	Usuário: 'maria',
	Senha: 'Senha@123',
	_BaseEntity{id=2}
}
15:18:31.346 [grizzly-http-server-1] INFO  org.fiap.entities.Cliente - Read: 
15:18:32.437 [grizzly-http-server-2] INFO  org.fiap.entities.Cliente - ReadAll: 
15:18:34.720 [grizzly-http-server-9] INFO  org.fiap.entities.Produto - ReadAll: 
15:18:40.306 [grizzly-http-server-6] INFO  org.fiap.entities.Produto - Create: Produto {
	Cliente: Jonas,
	Cliente ID: 3,
	Nome: 'Carne',
	Descrição: 'Coxão mole',
	Preço: 25.3,
	Estoque: 150,
	_BaseEntity{id=3}
}
15:18:44.300 [grizzly-http-server-0] INFO  org.fiap.entities.Produto - Update: Produto {
	Cliente: Jonas,
	Cliente ID: 3,
	Nome: 'Carne',
	Descrição: 'Coxão mole',
	Preço: 22.3,
	Estoque: 150,
	_BaseEntity{id=3}
}
15:18:49.286 [grizzly-http-server-3] INFO  org.fiap.entities.Produto - Delete: Produto {
	Cliente: João,
	Cliente ID: 1,
	Nome: 'Produto 2',
	Descrição: 'Descrição do Produto 2',
	Preço: 200.0,
	Estoque: 30,
	_BaseEntity{id=2}
}
15:18:52.239 [grizzly-http-server-4] INFO  org.fiap.entities.Produto - Read: 
15:18:53.293 [grizzly-http-server-14] INFO  org.fiap.entities.Endereco - ReadAll: 
15:18:55.533 [grizzly-http-server-8] INFO  org.fiap.entities.Endereco - Create: null
15:18:56.843 [grizzly-http-server-5] INFO  org.fiap.entities.Endereco - Read: 
15:18:58.360 [grizzly-http-server-10] INFO  org.fiap.entities.Endereco - Delete: Endereco {
	COD_ENDERECO: '2,
	CEP: '87654321',
	Logradouro: 'Rua 2',
	Número: '123',
	Complemento: 'Ap 31',
	Bairro: 'Tatuapé',
	Cidade: 'São Paulo',
	Estado: 'São Paulo',
	País: 'Brasil'
}
15:19:01.531 [grizzly-http-server-11] INFO  org.fiap.entities.Endereco - Update: null
16:29:30.522 [grizzly-http-server-0] INFO  org.fiap.entities.Cliente - Create: Cliente {
	Nome: 'Luiz Teste45',
	Sobrenome: 'Luiz Teste',
	Data de Nascimento: 2000-01-01,
	Telefone: '11999999999',
	Email: 'Luiz_teste@email.com',
	Endereço: null,
	Usuário: 'usuario_teste',
	Senha: 'Senha@123',
	_BaseEntity{id=4}
}
16:29:31.688 [grizzly-http-server-1] INFO  org.fiap.entities.Cliente - ReadAll: 
16:29:33.584 [grizzly-http-server-2] INFO  org.fiap.entities.Cliente - Update: Cliente {
	Nome: 'Luiz 2',
	Sobrenome: 'Luiz2 Teste',
	Data de Nascimento: 2000-01-01,
	Telefone: '11999999999',
	Email: 'Luiz2@email.com',
	Endereço: null,
	Usuário: 'usuario_teste',
	Senha: 'Senha@123',
	_BaseEntity{id=4}
}
16:29:35.226 [grizzly-http-server-3] INFO  org.fiap.entities.Cliente - Delete: Cliente {
	Nome: 'Maria',
	Sobrenome: 'Silva',
	Data de Nascimento: 1990-10-29,
	Telefone: '35999997777',
	Email: 'maria@email.com',
	Endereço: null,
	Usuário: 'maria',
	Senha: 'Senha@123',
	_BaseEntity{id=2}
}
16:29:36.893 [grizzly-http-server-4] INFO  org.fiap.entities.Cliente - Read: 
16:29:38.007 [grizzly-http-server-5] INFO  org.fiap.entities.Cliente - ReadAll: 
16:29:40.270 [grizzly-http-server-6] INFO  org.fiap.entities.Produto - ReadAll: 
16:29:45.159 [grizzly-http-server-7] INFO  org.fiap.entities.Produto - Create: Produto {
	Cliente: Jonas,
	Cliente ID: 3,
	Nome: 'Carne',
	Descrição: 'Coxão mole',
	Preço: 25.3,
	Estoque: 150,
	_BaseEntity{id=3}
}
16:29:48.063 [grizzly-http-server-8] INFO  org.fiap.entities.Produto - Update: Produto {
	Cliente: Jonas,
	Cliente ID: 3,
	Nome: 'Carne',
	Descrição: 'Coxão mole',
	Preço: 22.3,
	Estoque: 150,
	_BaseEntity{id=3}
}
16:29:51.271 [grizzly-http-server-9] INFO  org.fiap.entities.Produto - Delete: Produto {
	Cliente: João,
	Cliente ID: 1,
	Nome: 'Produto 2',
	Descrição: 'Descrição do Produto 2',
	Preço: 200.0,
	Estoque: 30,
	_BaseEntity{id=2}
}
16:29:54.367 [grizzly-http-server-10] INFO  org.fiap.entities.Produto - Read: 
16:29:55.478 [grizzly-http-server-11] INFO  org.fiap.entities.Endereco - ReadAll: 
16:29:57.686 [grizzly-http-server-12] INFO  org.fiap.entities.Endereco - Create: null
16:29:59.026 [grizzly-http-server-13] INFO  org.fiap.entities.Endereco - Read: 
16:30:00.621 [grizzly-http-server-14] INFO  org.fiap.entities.Endereco - Delete: Endereco {
	COD_ENDERECO: '2,
	CEP: '87654321',
	Logradouro: 'Rua 2',
	Número: '123',
	Complemento: 'Ap 31',
	Bairro: 'Tatuapé',
	Cidade: 'São Paulo',
	Estado: 'São Paulo',
	País: 'Brasil'
}
16:30:02.978 [grizzly-http-server-15] INFO  org.fiap.entities.Endereco - Update: null
